<?xml version="1.0" encoding="UTF-8"?>
<testsuite xmlns:xsi="http://www.w3.org/2001/XMLSchema-instance" xsi:noNamespaceSchemaLocation="https://maven.apache.org/surefire/maven-surefire-plugin/xsd/surefire-test-report-3.0.xsd" version="3.0" name="TestSuite" time="76.689" tests="4" errors="0" skipped="0" failures="1">
  <properties>
[...]
</properties>
  <testcase name="basePageNavigation" classname="AnitaProjectDD.HomePage" time="25.257"/>
  <testcase name="basePageNavigation" classname="AnitaProjectDD.HomePage" time="13.091"/>
  <testcase name="SubmitQ" classname="AnitaProjectDD.Submitques" time="20.094"/>
  <testcase name="reviewPage" classname="AnitaProjectDD.validateReview" time="15.472">
    <failure message="expected [write review] but found []" type="java.lang.AssertionError">java.lang.AssertionError: expected [write review] but found []
	at AnitaProjectDD.validateReview.reviewPage(validateReview.java:77)
</failure>
    <system-err><![CDATA[Starting ChromeDriver 88.0.4324.96 (68dba2d8a0b149a1d3afac56fa74648032bcf46b-refs/branch-heads/4324@{#1784}) on port 4150
Only local connections are allowed.
Please see https://chromedriver.chromium.org/security-considerations for suggestions on keeping ChromeDriver safe.
ChromeDriver was started successfully.
Feb 08, 2021 6:46:18 PM org.openqa.selenium.remote.ProtocolHandshake createSession
INFO: Detected dialect: W3C
]]></system-err>
  </testcase>
</testsuite>